Start testing: Nov 17 08:51 CST
----------------------------------------------------------
1/4 Testing: AddTest.BasicAddition
1/4 Test: AddTest.BasicAddition
Command: "/home/lyy/repositories/Test/build/tests/test_add/test_add" "--gtest_filter=AddTest.BasicAddition" "--gtest_also_run_disabled_tests"
Directory: /home/lyy/repositories/Test/build/tests/test_add
"AddTest.BasicAddition" start time: Nov 17 08:51 CST
Output:
----------------------------------------------------------
Running main() from /home/lyy/repositories/Test/build/_deps/googletest-src/googletest/src/gtest_main.cc
Note: Google Test filter = AddTest.BasicAddition
[==========] Running 1 test from 1 test suite.
[----------] Global test environment set-up.
[----------] 1 test from AddTest
[ RUN      ] AddTest.BasicAddition
[       OK ] AddTest.BasicAddition (0 ms)
[----------] 1 test from AddTest (0 ms total)

[----------] Global test environment tear-down
[==========] 1 test from 1 test suite ran. (0 ms total)
[  PASSED  ] 1 test.
<end of output>
Test time =   0.00 sec
----------------------------------------------------------
Test Passed.
"AddTest.BasicAddition" end time: Nov 17 08:51 CST
"AddTest.BasicAddition" time elapsed: 00:00:00
----------------------------------------------------------

2/4 Testing: AddTest.LargeNumbers
2/4 Test: AddTest.LargeNumbers
Command: "/home/lyy/repositories/Test/build/tests/test_add/test_add" "--gtest_filter=AddTest.LargeNumbers" "--gtest_also_run_disabled_tests"
Directory: /home/lyy/repositories/Test/build/tests/test_add
"AddTest.LargeNumbers" start time: Nov 17 08:51 CST
Output:
----------------------------------------------------------
Running main() from /home/lyy/repositories/Test/build/_deps/googletest-src/googletest/src/gtest_main.cc
Note: Google Test filter = AddTest.LargeNumbers
[==========] Running 1 test from 1 test suite.
[----------] Global test environment set-up.
[----------] 1 test from AddTest
[ RUN      ] AddTest.LargeNumbers
[       OK ] AddTest.LargeNumbers (0 ms)
[----------] 1 test from AddTest (0 ms total)

[----------] Global test environment tear-down
[==========] 1 test from 1 test suite ran. (0 ms total)
[  PASSED  ] 1 test.
<end of output>
Test time =   0.00 sec
----------------------------------------------------------
Test Passed.
"AddTest.LargeNumbers" end time: Nov 17 08:51 CST
"AddTest.LargeNumbers" time elapsed: 00:00:00
----------------------------------------------------------

3/4 Testing: subTest.Basicsubition
3/4 Test: subTest.Basicsubition
Command: "/home/lyy/repositories/Test/build/tests/test_sub/test_sub" "--gtest_filter=subTest.Basicsubition" "--gtest_also_run_disabled_tests"
Directory: /home/lyy/repositories/Test/build/tests/test_sub
"subTest.Basicsubition" start time: Nov 17 08:51 CST
Output:
----------------------------------------------------------
Running main() from /home/lyy/repositories/Test/build/_deps/googletest-src/googletest/src/gtest_main.cc
Note: Google Test filter = subTest.Basicsubition
[==========] Running 1 test from 1 test suite.
[----------] Global test environment set-up.
[----------] 1 test from subTest
[ RUN      ] subTest.Basicsubition
[       OK ] subTest.Basicsubition (0 ms)
[----------] 1 test from subTest (0 ms total)

[----------] Global test environment tear-down
[==========] 1 test from 1 test suite ran. (0 ms total)
[  PASSED  ] 1 test.
<end of output>
Test time =   0.00 sec
----------------------------------------------------------
Test Passed.
"subTest.Basicsubition" end time: Nov 17 08:51 CST
"subTest.Basicsubition" time elapsed: 00:00:00
----------------------------------------------------------

4/4 Testing: subTest.LargeNumbers
4/4 Test: subTest.LargeNumbers
Command: "/home/lyy/repositories/Test/build/tests/test_sub/test_sub" "--gtest_filter=subTest.LargeNumbers" "--gtest_also_run_disabled_tests"
Directory: /home/lyy/repositories/Test/build/tests/test_sub
"subTest.LargeNumbers" start time: Nov 17 08:51 CST
Output:
----------------------------------------------------------
Running main() from /home/lyy/repositories/Test/build/_deps/googletest-src/googletest/src/gtest_main.cc
Note: Google Test filter = subTest.LargeNumbers
[==========] Running 1 test from 1 test suite.
[----------] Global test environment set-up.
[----------] 1 test from subTest
[ RUN      ] subTest.LargeNumbers
[       OK ] subTest.LargeNumbers (0 ms)
[----------] 1 test from subTest (0 ms total)

[----------] Global test environment tear-down
[==========] 1 test from 1 test suite ran. (0 ms total)
[  PASSED  ] 1 test.
<end of output>
Test time =   0.00 sec
----------------------------------------------------------
Test Passed.
"subTest.LargeNumbers" end time: Nov 17 08:51 CST
"subTest.LargeNumbers" time elapsed: 00:00:00
----------------------------------------------------------

End testing: Nov 17 08:51 CST
