<?xml version="1.0" encoding="UTF-8"?>
<Site BuildName="(empty)"
	BuildStamp="20251117-0050-Experimental"
	Name="(empty)"
	Generator="ctest-3.28.3"
	CompilerName=""
	CompilerVersion=""
	OSName="Linux"
	Hostname="lyy-Legion-Y7000P-IRX9"
	OSRelease="6.14.0-35-generic"
	OSVersion="#35~24.04.1-Ubuntu SMP PREEMPT_DYNAMIC Tue Oct 14 13:55:17 UTC 2"
	OSPlatform="x86_64"
	Is64Bits="1"
	VendorString="GenuineIntel"
	VendorID="Intel Corporation"
	FamilyID="6"
	ModelID="183"
	ProcessorCacheSize="30720"
	NumberOfLogicalCPU="24"
	NumberOfPhysicalCPU="16"
	TotalVirtualMemory="4095"
	TotalPhysicalMemory="15763"
	LogicalProcessorsPerPhysical="1"
	ProcessorClockFrequency="2184.54"
	>
	<Testing>
		<StartDateTime>Nov 17 08:52 CST</StartDateTime>
		<StartTestTime>1763340737</StartTestTime>
		<TestList/>
		<EndDateTime>Nov 17 08:52 CST</EndDateTime>
		<EndTestTime>1763340737</EndTestTime>
		<ElapsedMinutes>0</ElapsedMinutes>
	</Testing>
</Site>
