<?xml version="1.0" encoding="UTF-8"?>
<Site BuildName="Linux-g++"
	BuildStamp="20251117-1153-Experimental"
	Name="lyy-Legion-Y7000P-IRX9"
	Generator="ctest-3.28.3"
	CompilerName="/usr/bin/g++"
	CompilerVersion="13.3.0"
	OSName="Linux"
	Hostname="lyy-Legion-Y7000P-IRX9"
	OSRelease="6.14.0-35-generic"
	OSVersion="#35~24.04.1-Ubuntu SMP PREEMPT_DYNAMIC Tue Oct 14 13:55:17 UTC 2"
	OSPlatform="x86_64"
	Is64Bits="1"
	VendorString="GenuineIntel"
	VendorID="Intel Corporation"
	FamilyID="6"
	ModelID="183"
	ProcessorCacheSize="30720"
	NumberOfLogicalCPU="24"
	NumberOfPhysicalCPU="16"
	TotalVirtualMemory="4095"
	TotalPhysicalMemory="15763"
	LogicalProcessorsPerPhysical="1"
	ProcessorClockFrequency="799.384"
	>
	<Testing>
		<StartDateTime>Nov 17 19:53 CST</StartDateTime>
		<StartTestTime>1763380414</StartTestTime>
		<TestList/>
		<EndDateTime>Nov 17 19:53 CST</EndDateTime>
		<EndTestTime>1763380414</EndTestTime>
		<ElapsedMinutes>0</ElapsedMinutes>
	</Testing>
</Site>
